===============================================================
🚨 LOCAPO (Randevu ERP) - COMPILE HATALARI RAPORU
===============================================================
📅 Tarih: 3 Ağustos 2025
📍 Proje: C:\Projects\locapo
🎯 Durum: COMPILATION FAILED - Kritik hatalar mevcut
===============================================================

📋 HATA KATEGORİLERİ:
[CRITICAL] - Derlemeyi engelleyen kritik hatalar
[ERROR] - Kod çalışmasını engelleyen hatalar  
[WARNING] - Uyarılar (derlemeyi engellemez)

===============================================================
🔥 KRİTİK COMPILE HATALARI (Derlemeyi engelleyen)
===============================================================

1. [CRITICAL] AuthProvider Import Hatası
   Dosya: lib/screens/auth_wrapper.dart:51:41
   Hata: 'providers.AuthProvider' can't be used as a type because 'providers' doesn't refer to an import prefix.
   Kod: final authProvider = context.read<providers.AuthProvider>();
   Çözüm: providers. prefix'ini kaldır, sadece AuthProvider kullan

2. [CRITICAL] Eksik Method Tanımları - AuthWrapper
   Dosya: lib/screens/auth_wrapper.dart:179:24
   Hata: The method '_buildLoadingScreen' isn't defined for the class '_AuthWrapperState'
   Çözüm: _buildLoadingScreen() methodunu tanımla veya kullanımını kaldır

3. [CRITICAL] Eksik Method Tanımları - AuthWrapper
   Dosya: lib/screens/auth_wrapper.dart:184:24  
   Hata: The method '_buildSectorSelectionPage' isn't defined for the class '_AuthWrapperState'
   Çözüm: _buildSectorSelectionPage() methodunu tanımla veya kullanımını kaldır

4. [CRITICAL] Method Parametre Uyumsuzluğu
   Dosya: lib/screens/auth/register_page.dart:194:72
   Hata: Too many positional arguments: 3 allowed, but 4 found
   Kod: await authProvider.createUserWithEmailAndPassword(email, password, name, sector, role)
   Çözüm: 4. ve 5. parametreleri kaldır (sector, role)

5. [CRITICAL] GoogleSignIn Constructor Hatası
   Dosya: lib/services/google_signin_complete_service.dart:23:21
   Hata: Couldn't find constructor 'GoogleSignIn'
   Çözüm: google_sign_in package sürümünü kontrol et, import'ları düzelt

6. [CRITICAL] GoogleSignIn Method Hatası
   Dosya: lib/services/google_signin_complete_service.dart:39:66
   Hata: The method 'signIn' isn't defined for the class 'GoogleSignIn'
   Çözüm: google_sign_in v7+ API uyumluluğu için güncellem yapılmalı

7. [CRITICAL] GoogleSignIn Method Hatası
   Dosya: lib/services/google_signin_complete_service.dart:145:66
   Hata: The method 'signInSilently' isn't defined for the class 'GoogleSignIn'
   Çözüm: google_sign_in v7+ API uyumluluğu için güncelleme yapılmalı

8. [CRITICAL] Undefined Variable
   Dosya: lib/utils/document_integration_helper.dart:72:19
   Hata: Undefined name 'customerId'
   Çözüm: customerId parametresini method parametrelerine ekle

9. [CRITICAL] GoogleSignIn Constructor Hatası
   Dosya: lib/services/google_auth_service.dart:119:27
   Hata: Couldn't find constructor 'GoogleSignIn'
   Çözüm: google_sign_in package import'larını ve version'ını kontrol et

===============================================================
🚨 DİĞER ÖNEMLİ HATALAR
===============================================================

10. [ERROR] Invalid Assignment - UserRole
    Dosya: lib/providers/auth_provider.dart:62:15
    Hata: A value of type 'String?' can't be assigned to a variable of type 'UserRole?'
    Çözüm: UserRole enum'ını String'e çevir veya cast işlemi yap

11. [ERROR] Invalid Assignment - NoteCategory
    Dosya: lib/pages/add_edit_note_page.dart:113:27
    Hata: A value of type 'NoteCategory' can't be assigned to a variable of type 'String'
    Çözüm: .toString() ekle

12. [ERROR] Invalid Assignment - MaterialColor
    Dosya: lib/pages/add_edit_note_page.dart:115:24
    Hata: A value of type 'MaterialColor' can't be assigned to a variable of type 'String'
    Çözüm: .toString() ekle

13. [ERROR] Missing Required Argument
    Dosya: lib/screens/beauty/beauty_documents_screen.dart:133:11
    Hata: The named parameter 'customerId' is required, but there's no corresponding argument
    Çözüm: customerId parametresini ekle

14. [ERROR] Undefined Method
    Dosya: lib/screens/dashboard/dashboard_page.dart:369:7
    Hata: The method '_buildDashboardCard' isn't defined for the type '_DashboardPageState'
    Çözüm: _buildDashboardCard() methodunu tanımla

15. [ERROR] Undefined Enum Constant
    Dosya: lib/screens/dashboard/dashboard_page.dart:105:54
    Hata: There's no constant named 'debt' in 'TransactionType'
    Çözüm: TransactionType enum'ına 'debt' değerini ekle

16. [ERROR] Argument Type Mismatch
    Dosya: lib/services/automation_service.dart:135:56
    Hata: The argument type 'AppointmentModel' can't be assigned to the parameter type 'Map<String, dynamic>'
    Çözüm: appointment.toMap() kullan

17. [ERROR] Missing Required Arguments
    Dosya: lib/providers/auth_provider.dart:251:53
    Hata: Too few positional arguments: 2 required, 1 given
    Çözüm: saveTokenToFirestore() için token parametresini ekle

18. [ERROR] Undefined Method - Firebase
    Dosya: lib/services/notification_service.dart:290:32
    Hata: The method 'sendMessage' isn't defined for the type 'FirebaseMessaging'
    Çözüm: FCM API güncellenmesi gerekli

19. [ERROR] Undefined Identifier
    Dosya: lib/services/ocr_service.dart:181:30
    Hata: Undefined name 'PdfDocument'
    Çözüm: PDF package import'unu ekle

20. [ERROR] Undefined Getter
    Dosya: lib/screens/transactions/transaction_list_page.dart:453:37
    Hata: The getter 'canManageFinances' isn't defined for the type 'AuthProvider'
    Çözüm: canManageFinances getter'ını AuthProvider'a ekle

===============================================================
📊 HATA İSTATİSTİKLERİ
===============================================================

TOPLAM HATA SAYISI: 20 Kritik + Error
- Kritik Hatalar: 9 (Derlemeyi engelleyen)
- Error Hatalar: 11 (Çalışmayı engelleyen)

EN ÇOK HATA ALAN ALANLAR:
1. Google Sign-In Integration (4 hata)
2. AuthProvider & Navigation (3 hata)
3. Firebase API Integration (3 hata)
4. Type & Model Issues (3 hata)
5. UI Component Methods (2 hata)

TAHMINI ÇÖZÜM SÜRESİ: 2-3 saat

===============================================================
🎯 HIZLI ÇÖZÜM ADIM SIRASI
===============================================================

ADIM 1: Google Sign-In Demo Mode (5 dakika)
- Geçici olarak devre dışı bırak
- Demo mode aktif et

ADIM 2: Auth Provider Düzeltmeleri (15 dakika)
- Import prefix kaldır
- Eksik method'ları çöz
- UserRole -> String

ADIM 3: Method Parametreleri (10 dakika)
- Register page parametreleri
- Document helper customerId
- Automation service toMap()

ADIM 4: Diğer Type Hatalarını Düzelt (20 dakika)
- NoteCategory toString()
- MaterialColor toString()
- Dashboard eksik method'lar

ADIM 5: Test ve Doğrulama (10 dakika)
- flutter analyze
- flutter run -d chrome

===============================================================
💡 NOT
===============================================================
Bu rapor mevcut compile loglarından oluşturulmuştur.
Hatalar öncelik sırasına göre düzenlenmiştir.

Son güncelleme: 3 Ağustos 2025, 16:42
Durum: COMPILATION FAILED - 20 kritik hata

Çözüm planı: HATA_COZUM_PLANI.txt dosyasında detaylı
===============================================================