===============================================================
ğŸš¨ LOCAPO (Randevu ERP) - COMPILE HATALARI RAPORU
===============================================================
ğŸ“… Tarih: 3 AÄŸustos 2025
ğŸ“ Proje: C:\Projects\locapo
ğŸ¯ Durum: COMPILATION FAILED - Kritik hatalar mevcut
===============================================================

ğŸ“‹ HATA KATEGORÄ°LERÄ°:
[CRITICAL] - Derlemeyi engelleyen kritik hatalar
[ERROR] - Kod Ã§alÄ±ÅŸmasÄ±nÄ± engelleyen hatalar  
[WARNING] - UyarÄ±lar (derlemeyi engellemez)

===============================================================
ğŸ”¥ KRÄ°TÄ°K COMPILE HATALARI (Derlemeyi engelleyen)
===============================================================

1. [CRITICAL] AuthProvider Import HatasÄ±
   Dosya: lib/screens/auth_wrapper.dart:51:41
   Hata: 'providers.AuthProvider' can't be used as a type because 'providers' doesn't refer to an import prefix.
   Kod: final authProvider = context.read<providers.AuthProvider>();
   Ã‡Ã¶zÃ¼m: providers. prefix'ini kaldÄ±r, sadece AuthProvider kullan

2. [CRITICAL] Eksik Method TanÄ±mlarÄ± - AuthWrapper
   Dosya: lib/screens/auth_wrapper.dart:179:24
   Hata: The method '_buildLoadingScreen' isn't defined for the class '_AuthWrapperState'
   Ã‡Ã¶zÃ¼m: _buildLoadingScreen() methodunu tanÄ±mla veya kullanÄ±mÄ±nÄ± kaldÄ±r

3. [CRITICAL] Eksik Method TanÄ±mlarÄ± - AuthWrapper
   Dosya: lib/screens/auth_wrapper.dart:184:24  
   Hata: The method '_buildSectorSelectionPage' isn't defined for the class '_AuthWrapperState'
   Ã‡Ã¶zÃ¼m: _buildSectorSelectionPage() methodunu tanÄ±mla veya kullanÄ±mÄ±nÄ± kaldÄ±r

4. [CRITICAL] Method Parametre UyumsuzluÄŸu
   Dosya: lib/screens/auth/register_page.dart:194:72
   Hata: Too many positional arguments: 3 allowed, but 4 found
   Kod: await authProvider.createUserWithEmailAndPassword(email, password, name, sector, role)
   Ã‡Ã¶zÃ¼m: 4. ve 5. parametreleri kaldÄ±r (sector, role)

5. [CRITICAL] GoogleSignIn Constructor HatasÄ±
   Dosya: lib/services/google_signin_complete_service.dart:23:21
   Hata: Couldn't find constructor 'GoogleSignIn'
   Ã‡Ã¶zÃ¼m: google_sign_in package sÃ¼rÃ¼mÃ¼nÃ¼ kontrol et, import'larÄ± dÃ¼zelt

6. [CRITICAL] GoogleSignIn Method HatasÄ±
   Dosya: lib/services/google_signin_complete_service.dart:39:66
   Hata: The method 'signIn' isn't defined for the class 'GoogleSignIn'
   Ã‡Ã¶zÃ¼m: google_sign_in v7+ API uyumluluÄŸu iÃ§in gÃ¼ncellem yapÄ±lmalÄ±

7. [CRITICAL] GoogleSignIn Method HatasÄ±
   Dosya: lib/services/google_signin_complete_service.dart:145:66
   Hata: The method 'signInSilently' isn't defined for the class 'GoogleSignIn'
   Ã‡Ã¶zÃ¼m: google_sign_in v7+ API uyumluluÄŸu iÃ§in gÃ¼ncelleme yapÄ±lmalÄ±

8. [CRITICAL] Undefined Variable
   Dosya: lib/utils/document_integration_helper.dart:72:19
   Hata: Undefined name 'customerId'
   Ã‡Ã¶zÃ¼m: customerId parametresini method parametrelerine ekle

9. [CRITICAL] GoogleSignIn Constructor HatasÄ±
   Dosya: lib/services/google_auth_service.dart:119:27
   Hata: Couldn't find constructor 'GoogleSignIn'
   Ã‡Ã¶zÃ¼m: google_sign_in package import'larÄ±nÄ± ve version'Ä±nÄ± kontrol et

===============================================================
ğŸš¨ DÄ°ÄER Ã–NEMLÄ° HATALAR
===============================================================

10. [ERROR] Invalid Assignment - UserRole
    Dosya: lib/providers/auth_provider.dart:62:15
    Hata: A value of type 'String?' can't be assigned to a variable of type 'UserRole?'
    Ã‡Ã¶zÃ¼m: UserRole enum'Ä±nÄ± String'e Ã§evir veya cast iÅŸlemi yap

11. [ERROR] Invalid Assignment - NoteCategory
    Dosya: lib/pages/add_edit_note_page.dart:113:27
    Hata: A value of type 'NoteCategory' can't be assigned to a variable of type 'String'
    Ã‡Ã¶zÃ¼m: .toString() ekle

12. [ERROR] Invalid Assignment - MaterialColor
    Dosya: lib/pages/add_edit_note_page.dart:115:24
    Hata: A value of type 'MaterialColor' can't be assigned to a variable of type 'String'
    Ã‡Ã¶zÃ¼m: .toString() ekle

13. [ERROR] Missing Required Argument
    Dosya: lib/screens/beauty/beauty_documents_screen.dart:133:11
    Hata: The named parameter 'customerId' is required, but there's no corresponding argument
    Ã‡Ã¶zÃ¼m: customerId parametresini ekle

14. [ERROR] Undefined Method
    Dosya: lib/screens/dashboard/dashboard_page.dart:369:7
    Hata: The method '_buildDashboardCard' isn't defined for the type '_DashboardPageState'
    Ã‡Ã¶zÃ¼m: _buildDashboardCard() methodunu tanÄ±mla

15. [ERROR] Undefined Enum Constant
    Dosya: lib/screens/dashboard/dashboard_page.dart:105:54
    Hata: There's no constant named 'debt' in 'TransactionType'
    Ã‡Ã¶zÃ¼m: TransactionType enum'Ä±na 'debt' deÄŸerini ekle

16. [ERROR] Argument Type Mismatch
    Dosya: lib/services/automation_service.dart:135:56
    Hata: The argument type 'AppointmentModel' can't be assigned to the parameter type 'Map<String, dynamic>'
    Ã‡Ã¶zÃ¼m: appointment.toMap() kullan

17. [ERROR] Missing Required Arguments
    Dosya: lib/providers/auth_provider.dart:251:53
    Hata: Too few positional arguments: 2 required, 1 given
    Ã‡Ã¶zÃ¼m: saveTokenToFirestore() iÃ§in token parametresini ekle

18. [ERROR] Undefined Method - Firebase
    Dosya: lib/services/notification_service.dart:290:32
    Hata: The method 'sendMessage' isn't defined for the type 'FirebaseMessaging'
    Ã‡Ã¶zÃ¼m: FCM API gÃ¼ncellenmesi gerekli

19. [ERROR] Undefined Identifier
    Dosya: lib/services/ocr_service.dart:181:30
    Hata: Undefined name 'PdfDocument'
    Ã‡Ã¶zÃ¼m: PDF package import'unu ekle

20. [ERROR] Undefined Getter
    Dosya: lib/screens/transactions/transaction_list_page.dart:453:37
    Hata: The getter 'canManageFinances' isn't defined for the type 'AuthProvider'
    Ã‡Ã¶zÃ¼m: canManageFinances getter'Ä±nÄ± AuthProvider'a ekle

===============================================================
ğŸ“Š HATA Ä°STATÄ°STÄ°KLERÄ°
===============================================================

TOPLAM HATA SAYISI: 20 Kritik + Error
- Kritik Hatalar: 9 (Derlemeyi engelleyen)
- Error Hatalar: 11 (Ã‡alÄ±ÅŸmayÄ± engelleyen)

EN Ã‡OK HATA ALAN ALANLAR:
1. Google Sign-In Integration (4 hata)
2. AuthProvider & Navigation (3 hata)
3. Firebase API Integration (3 hata)
4. Type & Model Issues (3 hata)
5. UI Component Methods (2 hata)

TAHMINI Ã‡Ã–ZÃœM SÃœRESÄ°: 2-3 saat

===============================================================
ğŸ¯ HIZLI Ã‡Ã–ZÃœM ADIM SIRASI
===============================================================

ADIM 1: Google Sign-In Demo Mode (5 dakika)
- GeÃ§ici olarak devre dÄ±ÅŸÄ± bÄ±rak
- Demo mode aktif et

ADIM 2: Auth Provider DÃ¼zeltmeleri (15 dakika)
- Import prefix kaldÄ±r
- Eksik method'larÄ± Ã§Ã¶z
- UserRole -> String

ADIM 3: Method Parametreleri (10 dakika)
- Register page parametreleri
- Document helper customerId
- Automation service toMap()

ADIM 4: DiÄŸer Type HatalarÄ±nÄ± DÃ¼zelt (20 dakika)
- NoteCategory toString()
- MaterialColor toString()
- Dashboard eksik method'lar

ADIM 5: Test ve DoÄŸrulama (10 dakika)
- flutter analyze
- flutter run -d chrome

===============================================================
ğŸ’¡ NOT
===============================================================
Bu rapor mevcut compile loglarÄ±ndan oluÅŸturulmuÅŸtur.
Hatalar Ã¶ncelik sÄ±rasÄ±na gÃ¶re dÃ¼zenlenmiÅŸtir.

Son gÃ¼ncelleme: 3 AÄŸustos 2025, 16:42
Durum: COMPILATION FAILED - 20 kritik hata

Ã‡Ã¶zÃ¼m planÄ±: HATA_COZUM_PLANI.txt dosyasÄ±nda detaylÄ±
===============================================================